<?xml version="1.0" encoding="UTF-8"?>
<!-- Generated by org.testng.reporters.JUnitReportReporter -->
<testsuite skipped="0" hostname="Subhojit" name="com.test.basttest.TestApi" tests="2" failures="0" timestamp="02 Apr 2020 16:46:26 GMT" time="6.666" errors="0">
  <testcase name="validateStatusCode1" time="0.968" classname="com.test.basttest.TestApi"/>
  <testcase name="validateStatusCode" time="5.698" classname="com.test.basttest.TestApi"/>
</testsuite> <!-- com.test.basttest.TestApi -->
