<?xml version="1.0" encoding="UTF-8"?>
<!-- Generated by org.testng.reporters.JUnitReportReporter -->
<testsuite skipped="0" hostname="Subhojit" name="com.test.pagestest.PostRequest" tests="1" failures="0" timestamp="02 Apr 2020 21:08:01 GMT" time="3.703" errors="0">
  <testcase name="testPostRequest" time="3.703" classname="com.test.pagestest.PostRequest"/>
</testsuite> <!-- com.test.pagestest.PostRequest -->
