<?xml version="1.0" encoding="UTF-8"?>
<!-- Generated by org.testng.reporters.JUnitReportReporter -->
<testsuite skipped="0" hostname="Subhojit" name="com.test.pagestest.TestApi" tests="1" failures="0" timestamp="02 Apr 2020 17:53:18 GMT" time="1.877" errors="0">
  <testcase name="testGetStatus" time="1.877" classname="com.test.pagestest.TestApi"/>
</testsuite> <!-- com.test.pagestest.TestApi -->
