<?xml version="1.0" encoding="UTF-8"?>
<!-- Generated by org.testng.reporters.JUnitReportReporter -->
<testsuite skipped="0" hostname="Subhojit" name="com.test.basttest.TestApi" tests="2" failures="0" timestamp="02 Apr 2020 18:02:56 GMT" time="5.064" errors="0">
  <testcase name="validateStatusCode" time="3.586" classname="com.test.basttest.TestApi"/>
  <testcase name="validateStatusCode1" time="1.478" classname="com.test.basttest.TestApi"/>
</testsuite> <!-- com.test.basttest.TestApi -->
