<?xml version="1.0" encoding="UTF-8"?>
<!-- Generated by org.testng.reporters.JUnitReportReporter -->
<testsuite skipped="0" hostname="Subhojit" name="com.test.basttest.TestApi" tests="2" failures="0" timestamp="02 Apr 2020 17:53:18 GMT" time="5.725" errors="0">
  <testcase name="validateStatusCode" time="4.402" classname="com.test.basttest.TestApi"/>
  <testcase name="validateStatusCode1" time="1.323" classname="com.test.basttest.TestApi"/>
</testsuite> <!-- com.test.basttest.TestApi -->
